<?xml version="1.0" encoding="UTF-8"?>
<testsuite xmlns:xsi="http://www.w3.org/2001/XMLSchema-instance" xsi:noNamespaceSchemaLocation="https://maven.apache.org/surefire/maven-surefire-plugin/xsd/surefire-test-report-3.0.xsd" version="3.0" name="com.test.project.selenide_demo.seperate_tests.DemoQaElementsTest" time="14.341" tests="2" errors="0" skipped="0" failures="0">
  <properties>
    <property name="sun.desktop" value="windows"/>
    <property name="awt.toolkit" value="sun.awt.windows.WToolkit"/>
    <property name="java.specification.version" value="11"/>
    <property name="webdriver.chrome.driver" value="C:\Users\khadh\.cache\selenium\chromedriver\win32\114.0.5735.90\chromedriver.exe"/>
    <property name="sun.cpu.isalist" value="amd64"/>
    <property name="sun.jnu.encoding" value="Cp1252"/>
    <property name="java.class.path" value="C:\Users\khadh\eclipse-workspace\selenide-demo\target\test-classes;C:\Users\khadh\eclipse-workspace\selenide-demo\target\classes;C:\Users\khadh\.m2\repository\org\junit\jupiter\junit-jupiter-engine\5.7.1\junit-jupiter-engine-5.7.1.jar;C:\Users\khadh\.m2\repository\org\apiguardian\apiguardian-api\1.1.0\apiguardian-api-1.1.0.jar;C:\Users\khadh\.m2\repository\org\junit\platform\junit-platform-engine\1.7.1\junit-platform-engine-1.7.1.jar;C:\Users\khadh\.m2\repository\org\opentest4j\opentest4j\1.2.0\opentest4j-1.2.0.jar;C:\Users\khadh\.m2\repository\org\junit\platform\junit-platform-commons\1.7.1\junit-platform-commons-1.7.1.jar;C:\Users\khadh\.m2\repository\org\junit\jupiter\junit-jupiter-api\5.7.1\junit-jupiter-api-5.7.1.jar;C:\Users\khadh\.m2\repository\org\junit\jupiter\junit-jupiter-params\5.7.1\junit-jupiter-params-5.7.1.jar;C:\Users\khadh\.m2\repository\org\junit\platform\junit-platform-reporting\1.9.2\junit-platform-reporting-1.9.2.jar;C:\Users\khadh\.m2\repository\org\junit\platform\junit-platform-launcher\1.9.2\junit-platform-launcher-1.9.2.jar;C:\Users\khadh\.m2\repository\com\codeborne\selenide\6.16.0\selenide-6.16.0.jar;C:\Users\khadh\.m2\repository\org\seleniumhq\selenium\selenium-java\4.10.0\selenium-java-4.10.0.jar;C:\Users\khadh\.m2\repository\org\seleniumhq\selenium\selenium-chrome-driver\4.10.0\selenium-chrome-driver-4.10.0.jar;C:\Users\khadh\.m2\repository\org\seleniumhq\selenium\selenium-chromium-driver\4.10.0\selenium-chromium-driver-4.10.0.jar;C:\Users\khadh\.m2\repository\org\seleniumhq\selenium\selenium-devtools-v112\4.10.0\selenium-devtools-v112-4.10.0.jar;C:\Users\khadh\.m2\repository\org\seleniumhq\selenium\selenium-devtools-v113\4.10.0\selenium-devtools-v113-4.10.0.jar;C:\Users\khadh\.m2\repository\org\seleniumhq\selenium\selenium-devtools-v114\4.10.0\selenium-devtools-v114-4.10.0.jar;C:\Users\khadh\.m2\repository\org\seleniumhq\selenium\selenium-devtools-v85\4.10.0\selenium-devtools-v85-4.10.0.jar;C:\Users\khadh\.m2\repository\org\seleniumhq\selenium\selenium-edge-driver\4.10.0\selenium-edge-driver-4.10.0.jar;C:\Users\khadh\.m2\repository\org\seleniumhq\selenium\selenium-firefox-driver\4.10.0\selenium-firefox-driver-4.10.0.jar;C:\Users\khadh\.m2\repository\org\seleniumhq\selenium\selenium-safari-driver\4.10.0\selenium-safari-driver-4.10.0.jar;C:\Users\khadh\.m2\repository\org\seleniumhq\selenium\selenium-support\4.10.0\selenium-support-4.10.0.jar;C:\Users\khadh\.m2\repository\org\slf4j\slf4j-api\2.0.7\slf4j-api-2.0.7.jar;C:\Users\khadh\.m2\repository\com\codeborne\selenide-core\6.16.0\selenide-core-6.16.0.jar;C:\Users\khadh\.m2\repository\io\github\bonigarcia\webdrivermanager\5.4.0\webdrivermanager-5.4.0.jar;C:\Users\khadh\.m2\repository\com\google\code\gson\gson\2.10.1\gson-2.10.1.jar;C:\Users\khadh\.m2\repository\org\brotli\dec\0.1.2\dec-0.1.2.jar;C:\Users\khadh\.m2\repository\org\apache\commons\commons-compress\1.23.0\commons-compress-1.23.0.jar;C:\Users\khadh\.m2\repository\org\apache\httpcomponents\client5\httpclient5\5.2.1\httpclient5-5.2.1.jar;C:\Users\khadh\.m2\repository\org\apache\httpcomponents\core5\httpcore5\5.2\httpcore5-5.2.jar;C:\Users\khadh\.m2\repository\org\apache\httpcomponents\core5\httpcore5-h2\5.2\httpcore5-h2-5.2.jar;C:\Users\khadh\.m2\repository\com\google\guava\guava\32.1.0-jre\guava-32.1.0-jre.jar;C:\Users\khadh\.m2\repository\com\google\guava\failureaccess\1.0.1\failureaccess-1.0.1.jar;C:\Users\khadh\.m2\repository\com\google\guava\listenablefuture\9999.0-empty-to-avoid-conflict-with-guava\listenablefuture-9999.0-empty-to-avoid-conflict-with-guava.jar;C:\Users\khadh\.m2\repository\com\google\code\findbugs\jsr305\3.0.2\jsr305-3.0.2.jar;C:\Users\khadh\.m2\repository\org\checkerframework\checker-qual\3.33.0\checker-qual-3.33.0.jar;C:\Users\khadh\.m2\repository\com\google\errorprone\error_prone_annotations\2.18.0\error_prone_annotations-2.18.0.jar;C:\Users\khadh\.m2\repository\com\google\j2objc\j2objc-annotations\2.8\j2objc-annotations-2.8.jar;C:\Users\khadh\.m2\repository\org\apache\commons\commons-lang3\3.12.0\commons-lang3-3.12.0.jar;C:\Users\khadh\.m2\repository\commons-io\commons-io\2.13.0\commons-io-2.13.0.jar;C:\Users\khadh\.m2\repository\org\seleniumhq\selenium\selenium-ie-driver\4.10.0\selenium-ie-driver-4.10.0.jar;C:\Users\khadh\.m2\repository\com\google\auto\service\auto-service-annotations\1.0.1\auto-service-annotations-1.0.1.jar;C:\Users\khadh\.m2\repository\com\google\auto\service\auto-service\1.0.1\auto-service-1.0.1.jar;C:\Users\khadh\.m2\repository\com\google\auto\auto-common\1.2\auto-common-1.2.jar;C:\Users\khadh\.m2\repository\org\seleniumhq\selenium\selenium-api\4.10.0\selenium-api-4.10.0.jar;C:\Users\khadh\.m2\repository\org\seleniumhq\selenium\selenium-manager\4.10.0\selenium-manager-4.10.0.jar;C:\Users\khadh\.m2\repository\org\seleniumhq\selenium\selenium-json\4.10.0\selenium-json-4.10.0.jar;C:\Users\khadh\.m2\repository\org\seleniumhq\selenium\selenium-remote-driver\4.10.0\selenium-remote-driver-4.10.0.jar;C:\Users\khadh\.m2\repository\io\netty\netty-buffer\4.1.92.Final\netty-buffer-4.1.92.Final.jar;C:\Users\khadh\.m2\repository\io\netty\netty-codec-http\4.1.92.Final\netty-codec-http-4.1.92.Final.jar;C:\Users\khadh\.m2\repository\io\netty\netty-codec\4.1.92.Final\netty-codec-4.1.92.Final.jar;C:\Users\khadh\.m2\repository\io\netty\netty-handler\4.1.92.Final\netty-handler-4.1.92.Final.jar;C:\Users\khadh\.m2\repository\io\netty\netty-common\4.1.92.Final\netty-common-4.1.92.Final.jar;C:\Users\khadh\.m2\repository\io\netty\netty-transport-classes-epoll\4.1.92.Final\netty-transport-classes-epoll-4.1.92.Final.jar;C:\Users\khadh\.m2\repository\io\netty\netty-transport-classes-kqueue\4.1.92.Final\netty-transport-classes-kqueue-4.1.92.Final.jar;C:\Users\khadh\.m2\repository\io\netty\netty-transport-native-epoll\4.1.92.Final\netty-transport-native-epoll-4.1.92.Final.jar;C:\Users\khadh\.m2\repository\io\netty\netty-transport-native-kqueue\4.1.92.Final\netty-transport-native-kqueue-4.1.92.Final.jar;C:\Users\khadh\.m2\repository\io\netty\netty-transport-native-unix-common\4.1.92.Final\netty-transport-native-unix-common-4.1.92.Final.jar;C:\Users\khadh\.m2\repository\io\netty\netty-transport\4.1.92.Final\netty-transport-4.1.92.Final.jar;C:\Users\khadh\.m2\repository\io\netty\netty-resolver\4.1.92.Final\netty-resolver-4.1.92.Final.jar;C:\Users\khadh\.m2\repository\io\opentelemetry\opentelemetry-api\1.26.0\opentelemetry-api-1.26.0.jar;C:\Users\khadh\.m2\repository\io\opentelemetry\opentelemetry-context\1.26.0\opentelemetry-context-1.26.0.jar;C:\Users\khadh\.m2\repository\io\opentelemetry\opentelemetry-exporter-logging\1.26.0\opentelemetry-exporter-logging-1.26.0.jar;C:\Users\khadh\.m2\repository\io\opentelemetry\opentelemetry-sdk-metrics\1.26.0\opentelemetry-sdk-metrics-1.26.0.jar;C:\Users\khadh\.m2\repository\io\opentelemetry\opentelemetry-extension-incubator\1.26.0-alpha\opentelemetry-extension-incubator-1.26.0-alpha.jar;C:\Users\khadh\.m2\repository\io\opentelemetry\opentelemetry-sdk-logs\1.26.0-alpha\opentelemetry-sdk-logs-1.26.0-alpha.jar;C:\Users\khadh\.m2\repository\io\opentelemetry\opentelemetry-api-logs\1.26.0-alpha\opentelemetry-api-logs-1.26.0-alpha.jar;C:\Users\khadh\.m2\repository\io\opentelemetry\opentelemetry-api-events\1.26.0-alpha\opentelemetry-api-events-1.26.0-alpha.jar;C:\Users\khadh\.m2\repository\io\opentelemetry\opentelemetry-sdk-common\1.26.0\opentelemetry-sdk-common-1.26.0.jar;C:\Users\khadh\.m2\repository\io\opentelemetry\opentelemetry-sdk-extension-autoconfigure-spi\1.26.0\opentelemetry-sdk-extension-autoconfigure-spi-1.26.0.jar;C:\Users\khadh\.m2\repository\io\opentelemetry\opentelemetry-sdk-extension-autoconfigure\1.26.0-alpha\opentelemetry-sdk-extension-autoconfigure-1.26.0-alpha.jar;C:\Users\khadh\.m2\repository\io\opentelemetry\opentelemetry-sdk-trace\1.26.0\opentelemetry-sdk-trace-1.26.0.jar;C:\Users\khadh\.m2\repository\io\opentelemetry\opentelemetry-sdk\1.26.0\opentelemetry-sdk-1.26.0.jar;C:\Users\khadh\.m2\repository\io\opentelemetry\opentelemetry-semconv\1.26.0-alpha\opentelemetry-semconv-1.26.0-alpha.jar;C:\Users\khadh\.m2\repository\net\bytebuddy\byte-buddy\1.14.4\byte-buddy-1.14.4.jar;C:\Users\khadh\.m2\repository\org\apache\commons\commons-exec\1.3\commons-exec-1.3.jar;C:\Users\khadh\.m2\repository\org\asynchttpclient\async-http-client\2.12.3\async-http-client-2.12.3.jar;C:\Users\khadh\.m2\repository\org\asynchttpclient\async-http-client-netty-utils\2.12.3\async-http-client-netty-utils-2.12.3.jar;C:\Users\khadh\.m2\repository\io\netty\netty-codec-socks\4.1.60.Final\netty-codec-socks-4.1.60.Final.jar;C:\Users\khadh\.m2\repository\io\netty\netty-handler-proxy\4.1.60.Final\netty-handler-proxy-4.1.60.Final.jar;C:\Users\khadh\.m2\repository\io\netty\netty-transport-native-epoll\4.1.60.Final\netty-transport-native-epoll-4.1.60.Final-linux-x86_64.jar;C:\Users\khadh\.m2\repository\io\netty\netty-transport-native-kqueue\4.1.60.Final\netty-transport-native-kqueue-4.1.60.Final-osx-x86_64.jar;C:\Users\khadh\.m2\repository\org\reactivestreams\reactive-streams\1.0.3\reactive-streams-1.0.3.jar;C:\Users\khadh\.m2\repository\com\typesafe\netty\netty-reactive-streams\2.0.4\netty-reactive-streams-2.0.4.jar;C:\Users\khadh\.m2\repository\com\sun\activation\jakarta.activation\1.2.2\jakarta.activation-1.2.2.jar;C:\Users\khadh\.m2\repository\org\seleniumhq\selenium\selenium-http\4.10.0\selenium-http-4.10.0.jar;C:\Users\khadh\.m2\repository\dev\failsafe\failsafe\3.3.1\failsafe-3.3.1.jar;C:\Users\khadh\.m2\repository\io\qameta\allure\allure-selenide\2.20.1\allure-selenide-2.20.1.jar;C:\Users\khadh\.m2\repository\io\qameta\allure\allure-java-commons\2.20.1\allure-java-commons-2.20.1.jar;C:\Users\khadh\.m2\repository\io\qameta\allure\allure-model\2.20.1\allure-model-2.20.1.jar;C:\Users\khadh\.m2\repository\org\slf4j\slf4j-simple\2.0.6\slf4j-simple-2.0.6.jar;"/>
    <property name="java.vm.vendor" value="Oracle Corporation"/>
    <property name="sun.arch.data.model" value="64"/>
    <property name="user.variant" value=""/>
    <property name="java.vendor.url" value="https://openjdk.java.net/"/>
    <property name="user.timezone" value="Asia/Calcutta"/>
    <property name="java.vm.specification.version" value="11"/>
    <property name="os.name" value="Windows 10"/>
    <property name="sun.java.launcher" value="SUN_STANDARD"/>
    <property name="user.country" value="US"/>
    <property name="sun.boot.library.path" value="C:\Program Files\Java\jdk-11.0.11\bin"/>
    <property name="sun.java.command" value="C:\Users\khadh\AppData\Local\Temp\surefire13492802882859868788\surefirebooter6556963174865019952.jar C:\Users\khadh\AppData\Local\Temp\surefire13492802882859868788 2023-07-11T15-20-21_258-jvmRun1 surefire10812792233503769256tmp surefire_09624025152845071167tmp"/>
    <property name="jdk.debug" value="release"/>
    <property name="surefire.test.class.path" value="C:\Users\khadh\eclipse-workspace\selenide-demo\target\test-classes;C:\Users\khadh\eclipse-workspace\selenide-demo\target\classes;C:\Users\khadh\.m2\repository\org\junit\jupiter\junit-jupiter-engine\5.7.1\junit-jupiter-engine-5.7.1.jar;C:\Users\khadh\.m2\repository\org\apiguardian\apiguardian-api\1.1.0\apiguardian-api-1.1.0.jar;C:\Users\khadh\.m2\repository\org\junit\platform\junit-platform-engine\1.7.1\junit-platform-engine-1.7.1.jar;C:\Users\khadh\.m2\repository\org\opentest4j\opentest4j\1.2.0\opentest4j-1.2.0.jar;C:\Users\khadh\.m2\repository\org\junit\platform\junit-platform-commons\1.7.1\junit-platform-commons-1.7.1.jar;C:\Users\khadh\.m2\repository\org\junit\jupiter\junit-jupiter-api\5.7.1\junit-jupiter-api-5.7.1.jar;C:\Users\khadh\.m2\repository\org\junit\jupiter\junit-jupiter-params\5.7.1\junit-jupiter-params-5.7.1.jar;C:\Users\khadh\.m2\repository\org\junit\platform\junit-platform-reporting\1.9.2\junit-platform-reporting-1.9.2.jar;C:\Users\khadh\.m2\repository\org\junit\platform\junit-platform-launcher\1.9.2\junit-platform-launcher-1.9.2.jar;C:\Users\khadh\.m2\repository\com\codeborne\selenide\6.16.0\selenide-6.16.0.jar;C:\Users\khadh\.m2\repository\org\seleniumhq\selenium\selenium-java\4.10.0\selenium-java-4.10.0.jar;C:\Users\khadh\.m2\repository\org\seleniumhq\selenium\selenium-chrome-driver\4.10.0\selenium-chrome-driver-4.10.0.jar;C:\Users\khadh\.m2\repository\org\seleniumhq\selenium\selenium-chromium-driver\4.10.0\selenium-chromium-driver-4.10.0.jar;C:\Users\khadh\.m2\repository\org\seleniumhq\selenium\selenium-devtools-v112\4.10.0\selenium-devtools-v112-4.10.0.jar;C:\Users\khadh\.m2\repository\org\seleniumhq\selenium\selenium-devtools-v113\4.10.0\selenium-devtools-v113-4.10.0.jar;C:\Users\khadh\.m2\repository\org\seleniumhq\selenium\selenium-devtools-v114\4.10.0\selenium-devtools-v114-4.10.0.jar;C:\Users\khadh\.m2\repository\org\seleniumhq\selenium\selenium-devtools-v85\4.10.0\selenium-devtools-v85-4.10.0.jar;C:\Users\khadh\.m2\repository\org\seleniumhq\selenium\selenium-edge-driver\4.10.0\selenium-edge-driver-4.10.0.jar;C:\Users\khadh\.m2\repository\org\seleniumhq\selenium\selenium-firefox-driver\4.10.0\selenium-firefox-driver-4.10.0.jar;C:\Users\khadh\.m2\repository\org\seleniumhq\selenium\selenium-safari-driver\4.10.0\selenium-safari-driver-4.10.0.jar;C:\Users\khadh\.m2\repository\org\seleniumhq\selenium\selenium-support\4.10.0\selenium-support-4.10.0.jar;C:\Users\khadh\.m2\repository\org\slf4j\slf4j-api\2.0.7\slf4j-api-2.0.7.jar;C:\Users\khadh\.m2\repository\com\codeborne\selenide-core\6.16.0\selenide-core-6.16.0.jar;C:\Users\khadh\.m2\repository\io\github\bonigarcia\webdrivermanager\5.4.0\webdrivermanager-5.4.0.jar;C:\Users\khadh\.m2\repository\com\google\code\gson\gson\2.10.1\gson-2.10.1.jar;C:\Users\khadh\.m2\repository\org\brotli\dec\0.1.2\dec-0.1.2.jar;C:\Users\khadh\.m2\repository\org\apache\commons\commons-compress\1.23.0\commons-compress-1.23.0.jar;C:\Users\khadh\.m2\repository\org\apache\httpcomponents\client5\httpclient5\5.2.1\httpclient5-5.2.1.jar;C:\Users\khadh\.m2\repository\org\apache\httpcomponents\core5\httpcore5\5.2\httpcore5-5.2.jar;C:\Users\khadh\.m2\repository\org\apache\httpcomponents\core5\httpcore5-h2\5.2\httpcore5-h2-5.2.jar;C:\Users\khadh\.m2\repository\com\google\guava\guava\32.1.0-jre\guava-32.1.0-jre.jar;C:\Users\khadh\.m2\repository\com\google\guava\failureaccess\1.0.1\failureaccess-1.0.1.jar;C:\Users\khadh\.m2\repository\com\google\guava\listenablefuture\9999.0-empty-to-avoid-conflict-with-guava\listenablefuture-9999.0-empty-to-avoid-conflict-with-guava.jar;C:\Users\khadh\.m2\repository\com\google\code\findbugs\jsr305\3.0.2\jsr305-3.0.2.jar;C:\Users\khadh\.m2\repository\org\checkerframework\checker-qual\3.33.0\checker-qual-3.33.0.jar;C:\Users\khadh\.m2\repository\com\google\errorprone\error_prone_annotations\2.18.0\error_prone_annotations-2.18.0.jar;C:\Users\khadh\.m2\repository\com\google\j2objc\j2objc-annotations\2.8\j2objc-annotations-2.8.jar;C:\Users\khadh\.m2\repository\org\apache\commons\commons-lang3\3.12.0\commons-lang3-3.12.0.jar;C:\Users\khadh\.m2\repository\commons-io\commons-io\2.13.0\commons-io-2.13.0.jar;C:\Users\khadh\.m2\repository\org\seleniumhq\selenium\selenium-ie-driver\4.10.0\selenium-ie-driver-4.10.0.jar;C:\Users\khadh\.m2\repository\com\google\auto\service\auto-service-annotations\1.0.1\auto-service-annotations-1.0.1.jar;C:\Users\khadh\.m2\repository\com\google\auto\service\auto-service\1.0.1\auto-service-1.0.1.jar;C:\Users\khadh\.m2\repository\com\google\auto\auto-common\1.2\auto-common-1.2.jar;C:\Users\khadh\.m2\repository\org\seleniumhq\selenium\selenium-api\4.10.0\selenium-api-4.10.0.jar;C:\Users\khadh\.m2\repository\org\seleniumhq\selenium\selenium-manager\4.10.0\selenium-manager-4.10.0.jar;C:\Users\khadh\.m2\repository\org\seleniumhq\selenium\selenium-json\4.10.0\selenium-json-4.10.0.jar;C:\Users\khadh\.m2\repository\org\seleniumhq\selenium\selenium-remote-driver\4.10.0\selenium-remote-driver-4.10.0.jar;C:\Users\khadh\.m2\repository\io\netty\netty-buffer\4.1.92.Final\netty-buffer-4.1.92.Final.jar;C:\Users\khadh\.m2\repository\io\netty\netty-codec-http\4.1.92.Final\netty-codec-http-4.1.92.Final.jar;C:\Users\khadh\.m2\repository\io\netty\netty-codec\4.1.92.Final\netty-codec-4.1.92.Final.jar;C:\Users\khadh\.m2\repository\io\netty\netty-handler\4.1.92.Final\netty-handler-4.1.92.Final.jar;C:\Users\khadh\.m2\repository\io\netty\netty-common\4.1.92.Final\netty-common-4.1.92.Final.jar;C:\Users\khadh\.m2\repository\io\netty\netty-transport-classes-epoll\4.1.92.Final\netty-transport-classes-epoll-4.1.92.Final.jar;C:\Users\khadh\.m2\repository\io\netty\netty-transport-classes-kqueue\4.1.92.Final\netty-transport-classes-kqueue-4.1.92.Final.jar;C:\Users\khadh\.m2\repository\io\netty\netty-transport-native-epoll\4.1.92.Final\netty-transport-native-epoll-4.1.92.Final.jar;C:\Users\khadh\.m2\repository\io\netty\netty-transport-native-kqueue\4.1.92.Final\netty-transport-native-kqueue-4.1.92.Final.jar;C:\Users\khadh\.m2\repository\io\netty\netty-transport-native-unix-common\4.1.92.Final\netty-transport-native-unix-common-4.1.92.Final.jar;C:\Users\khadh\.m2\repository\io\netty\netty-transport\4.1.92.Final\netty-transport-4.1.92.Final.jar;C:\Users\khadh\.m2\repository\io\netty\netty-resolver\4.1.92.Final\netty-resolver-4.1.92.Final.jar;C:\Users\khadh\.m2\repository\io\opentelemetry\opentelemetry-api\1.26.0\opentelemetry-api-1.26.0.jar;C:\Users\khadh\.m2\repository\io\opentelemetry\opentelemetry-context\1.26.0\opentelemetry-context-1.26.0.jar;C:\Users\khadh\.m2\repository\io\opentelemetry\opentelemetry-exporter-logging\1.26.0\opentelemetry-exporter-logging-1.26.0.jar;C:\Users\khadh\.m2\repository\io\opentelemetry\opentelemetry-sdk-metrics\1.26.0\opentelemetry-sdk-metrics-1.26.0.jar;C:\Users\khadh\.m2\repository\io\opentelemetry\opentelemetry-extension-incubator\1.26.0-alpha\opentelemetry-extension-incubator-1.26.0-alpha.jar;C:\Users\khadh\.m2\repository\io\opentelemetry\opentelemetry-sdk-logs\1.26.0-alpha\opentelemetry-sdk-logs-1.26.0-alpha.jar;C:\Users\khadh\.m2\repository\io\opentelemetry\opentelemetry-api-logs\1.26.0-alpha\opentelemetry-api-logs-1.26.0-alpha.jar;C:\Users\khadh\.m2\repository\io\opentelemetry\opentelemetry-api-events\1.26.0-alpha\opentelemetry-api-events-1.26.0-alpha.jar;C:\Users\khadh\.m2\repository\io\opentelemetry\opentelemetry-sdk-common\1.26.0\opentelemetry-sdk-common-1.26.0.jar;C:\Users\khadh\.m2\repository\io\opentelemetry\opentelemetry-sdk-extension-autoconfigure-spi\1.26.0\opentelemetry-sdk-extension-autoconfigure-spi-1.26.0.jar;C:\Users\khadh\.m2\repository\io\opentelemetry\opentelemetry-sdk-extension-autoconfigure\1.26.0-alpha\opentelemetry-sdk-extension-autoconfigure-1.26.0-alpha.jar;C:\Users\khadh\.m2\repository\io\opentelemetry\opentelemetry-sdk-trace\1.26.0\opentelemetry-sdk-trace-1.26.0.jar;C:\Users\khadh\.m2\repository\io\opentelemetry\opentelemetry-sdk\1.26.0\opentelemetry-sdk-1.26.0.jar;C:\Users\khadh\.m2\repository\io\opentelemetry\opentelemetry-semconv\1.26.0-alpha\opentelemetry-semconv-1.26.0-alpha.jar;C:\Users\khadh\.m2\repository\net\bytebuddy\byte-buddy\1.14.4\byte-buddy-1.14.4.jar;C:\Users\khadh\.m2\repository\org\apache\commons\commons-exec\1.3\commons-exec-1.3.jar;C:\Users\khadh\.m2\repository\org\asynchttpclient\async-http-client\2.12.3\async-http-client-2.12.3.jar;C:\Users\khadh\.m2\repository\org\asynchttpclient\async-http-client-netty-utils\2.12.3\async-http-client-netty-utils-2.12.3.jar;C:\Users\khadh\.m2\repository\io\netty\netty-codec-socks\4.1.60.Final\netty-codec-socks-4.1.60.Final.jar;C:\Users\khadh\.m2\repository\io\netty\netty-handler-proxy\4.1.60.Final\netty-handler-proxy-4.1.60.Final.jar;C:\Users\khadh\.m2\repository\io\netty\netty-transport-native-epoll\4.1.60.Final\netty-transport-native-epoll-4.1.60.Final-linux-x86_64.jar;C:\Users\khadh\.m2\repository\io\netty\netty-transport-native-kqueue\4.1.60.Final\netty-transport-native-kqueue-4.1.60.Final-osx-x86_64.jar;C:\Users\khadh\.m2\repository\org\reactivestreams\reactive-streams\1.0.3\reactive-streams-1.0.3.jar;C:\Users\khadh\.m2\repository\com\typesafe\netty\netty-reactive-streams\2.0.4\netty-reactive-streams-2.0.4.jar;C:\Users\khadh\.m2\repository\com\sun\activation\jakarta.activation\1.2.2\jakarta.activation-1.2.2.jar;C:\Users\khadh\.m2\repository\org\seleniumhq\selenium\selenium-http\4.10.0\selenium-http-4.10.0.jar;C:\Users\khadh\.m2\repository\dev\failsafe\failsafe\3.3.1\failsafe-3.3.1.jar;C:\Users\khadh\.m2\repository\io\qameta\allure\allure-selenide\2.20.1\allure-selenide-2.20.1.jar;C:\Users\khadh\.m2\repository\io\qameta\allure\allure-java-commons\2.20.1\allure-java-commons-2.20.1.jar;C:\Users\khadh\.m2\repository\io\qameta\allure\allure-model\2.20.1\allure-model-2.20.1.jar;C:\Users\khadh\.m2\repository\org\slf4j\slf4j-simple\2.0.6\slf4j-simple-2.0.6.jar;"/>
    <property name="sun.cpu.endian" value="little"/>
    <property name="user.home" value="C:\Users\khadh"/>
    <property name="user.language" value="en"/>
    <property name="java.specification.vendor" value="Oracle Corporation"/>
    <property name="java.version.date" value="2021-04-20"/>
    <property name="java.home" value="C:\Program Files\Java\jdk-11.0.11"/>
    <property name="file.separator" value="\"/>
    <property name="basedir" value="C:\Users\khadh\eclipse-workspace\selenide-demo"/>
    <property name="java.vm.compressedOopsMode" value="Zero based"/>
    <property name="line.separator" value="&#10;"/>
    <property name="java.specification.name" value="Java Platform API Specification"/>
    <property name="java.vm.specification.vendor" value="Oracle Corporation"/>
    <property name="java.awt.graphicsenv" value="sun.awt.Win32GraphicsEnvironment"/>
    <property name="surefire.real.class.path" value="C:\Users\khadh\AppData\Local\Temp\surefire13492802882859868788\surefirebooter6556963174865019952.jar"/>
    <property name="user.script" value=""/>
    <property name="sun.management.compiler" value="HotSpot 64-Bit Tiered Compilers"/>
    <property name="java.runtime.version" value="11.0.11+9-LTS-194"/>
    <property name="user.name" value="khadh"/>
    <property name="path.separator" value=";"/>
    <property name="os.version" value="10.0"/>
    <property name="java.runtime.name" value="Java(TM) SE Runtime Environment"/>
    <property name="file.encoding" value="Cp1252"/>
    <property name="java.vm.name" value="Java HotSpot(TM) 64-Bit Server VM"/>
    <property name="java.vendor.version" value="18.9"/>
    <property name="localRepository" value="C:\Users\khadh\.m2\repository"/>
    <property name="java.vendor.url.bug" value="https://bugreport.java.com/bugreport/"/>
    <property name="java.io.tmpdir" value="C:\Users\khadh\AppData\Local\Temp\"/>
    <property name="java.version" value="11.0.11"/>
    <property name="user.dir" value="C:\Users\khadh\eclipse-workspace\selenide-demo"/>
    <property name="os.arch" value="amd64"/>
    <property name="java.vm.specification.name" value="Java Virtual Machine Specification"/>
    <property name="java.awt.printerjob" value="sun.awt.windows.WPrinterJob"/>
    <property name="sun.os.patch.level" value=""/>
    <property name="java.library.path" value="C:\Program Files\Java\jdk-11.0.11\bin;C:\WINDOWS\Sun\Java\bin;C:\WINDOWS\system32;C:\WINDOWS;C:/Users/khadh/.p2/pool/plugins/org.eclipse.justj.openjdk.hotspot.jre.full.win32.x86_64_17.0.6.v20230204-1729/jre/bin/server;C:/Users/khadh/.p2/pool/plugins/org.eclipse.justj.openjdk.hotspot.jre.full.win32.x86_64_17.0.6.v20230204-1729/jre/bin;C:\Program Files\Common Files\Oracle\Java\javapath;C:\Program Files (x86)\Common Files\Oracle\Java\javapath;C:\WINDOWS\system32;C:\WINDOWS;C:\WINDOWS\System32\Wbem;C:\WINDOWS\System32\WindowsPowerShell\v1.0\;C:\Users\archana.khamanker\Downloads\apache-maven-3.6.3-bin\apache-maven-3.6.3\bin;C:\Program Files\OpenSSH-Win64;C:\Users\archana.khamanker\AppData\Roaming\npm;C:\Users\archana.khamanker\AppData\Roaming\npm\node_modules\@angular\cli\bin;C:\Automation\Softwares\apache-maven-3.6.3\apache-maven-3.6.3\bin;C:\Program Files\Java\jdk-11.0.11;C:\Program Files\Java\jdk-11.0.11\bin;C:\Program Files\Google\Google Apps Sync\;C:\WINDOWS\System32\OpenSSH\;C:\Program Files\Git\cmd;C:\strawberry\c\bin;C:\strawberry\perl\bin;C:\Users\khadh\AppData\Roaming\nvm;C:\Program Files\nodejs;C:\Users\khadh\AppData\Local\Microsoft\WindowsApps;C:\Users\khadh\AppData\Local\Programs\Microsoft VS Code\bin;C:\Users\khadh\AppData\Roaming\nvm;C:\Program Files\nodejs;C:\Users\khadh\eclipse\java-2022-12\eclipse;;."/>
    <property name="java.vendor" value="Oracle Corporation"/>
    <property name="java.vm.info" value="mixed mode"/>
    <property name="java.vm.version" value="11.0.11+9-LTS-194"/>
    <property name="sun.io.unicode.encoding" value="UnicodeLittle"/>
    <property name="java.class.version" value="55.0"/>
    <property name="webdriver.http.factory" value="selenide-netty-client-factory"/>
  </properties>
  <testcase name="verifyElementsAndTextBoxTab" classname="com.test.project.selenide_demo.seperate_tests.DemoQaElementsTest" time="7.471">
    <system-err><![CDATA[[main] INFO com.codeborne.selenide.logevents.SimpleReport - Report for [engine:junit-jupiter]/[class:com.test.project.selenide_demo.seperate_tests.DemoQaElementsTest]/[method:verifyElementsAndTextBoxTab()]
+----------------------------------------------+---------------------------------+------------+------------+
| Element                                      | Subject                         | Status     | ms.        |
+----------------------------------------------+---------------------------------+------------+------------+
| open                                         | https://demoqa.com/             | PASS       | 4560       |
| img[src='/images/Toolsqa.jpg']               | should(exist)                   | PASS       | 54         |
| by text: Elements                            | should(exist)                   | PASS       | 63         |
| by text: Elements                            | should be(enabled)              | PASS       | 35         |
| by text: Elements                            | click()                         | PASS       | 240        |
| .main-header                                 | should have(text "Elements")    | PASS       | 146        |
| .main-header                                 | should(be visible)              | PASS       | 71         |
| by text: Text Box                            | should(exist)                   | PASS       | 53         |
| by text: Text Box                            | click()                         | PASS       | 338        |
| .main-header                                 | should have(text "Text Box")    | PASS       | 43         |
| #userName                                    | val(Sk Nasir Ahmed)             | PASS       | 460        |
| #userEmail                                   | set value(shaik2a4@gmail.com)   | PASS       | 270        |
| [placeholder='Current Address']              | send keys(Telangana, Hyderabad) | PASS       | 138        |
| By.xpath: //textarea[@id='permanentAddress'] | send keys(Andhra Pradesh)       | PASS       | 154        |
| By.xpath: //button[@id='submit']             | should(exist)                   | PASS       | 56         |
| By.xpath: //button[@id='submit']             | click()                         | PASS       | 118        |
| by text: Check Box                           | should(exist)                   | PASS       | 38         |
| by text: Check Box                           | should be(enabled)              | PASS       | 28         |
| by text: Check Box                           | click()                         | PASS       | 291        |
| button[title='Toggle']                       | click()                         | PASS       | 133        |
| #tree-node li li:nth-child(1) button         | should(be visible)              | PASS       | 36         |
| #tree-node li li:nth-child(1) button         | click()                         | PASS       | 110        |
+----------------------------------------------+---------------------------------+------------+------------+

]]></system-err>
  </testcase>
  <testcase name="webTables" classname="com.test.project.selenide_demo.seperate_tests.DemoQaElementsTest" time="6.868">
    <system-out><![CDATA[Number of rows: 10
Row 1: Cierra Vega 39 cierra@example.com 10000 Insurance Insurance
Row 2: Alden Cantrell 45 alden@example.com 12000 Compliance Compliance
Row 3: Kierra Gentry 29 kierra@example.com 2000 Legal Legal
Row 4:              
Row 5:              
Row 6:              
Row 7:              
Row 8:              
Row 9:              
Row 10:              
]]></system-out>
    <system-err><![CDATA[[main] INFO com.codeborne.selenide.logevents.SimpleReport - Report for [engine:junit-jupiter]/[class:com.test.project.selenide_demo.seperate_tests.DemoQaElementsTest]/[method:webTables()]
+---------------------------+--------------------------------+------------+------------+
| Element                   | Subject                        | Status     | ms.        |
+---------------------------+--------------------------------+------------+------------+
| open                      | https://demoqa.com/webtables   | PASS       | 1220       |
| .main-header              | should have(text "Web Tables") | PASS       | 610        |
| .main-header              | should(be visible)             | PASS       | 42         |
| .rt-table                 | should(exist)                  | PASS       | 46         |
| .rt-tr-group[0]/.rt-td[0] | get text()                     | PASS       | 53         |
| .rt-tr-group[0]/.rt-td[1] | get text()                     | PASS       | 45         |
| .rt-tr-group[0]/.rt-td[2] | get text()                     | PASS       | 101        |
| .rt-tr-group[0]/.rt-td[3] | get text()                     | PASS       | 136        |
| .rt-tr-group[0]/.rt-td[4] | get text()                     | PASS       | 135        |
| .rt-tr-group[0]/.rt-td[5] | get text()                     | PASS       | 54         |
| .rt-tr-group[0]/.rt-td[5] | get text()                     | PASS       | 46         |
| .rt-tr-group[1]/.rt-td[0] | get text()                     | PASS       | 40         |
| .rt-tr-group[1]/.rt-td[1] | get text()                     | PASS       | 44         |
| .rt-tr-group[1]/.rt-td[2] | get text()                     | PASS       | 52         |
| .rt-tr-group[1]/.rt-td[3] | get text()                     | PASS       | 43         |
| .rt-tr-group[1]/.rt-td[4] | get text()                     | PASS       | 44         |
| .rt-tr-group[1]/.rt-td[5] | get text()                     | PASS       | 71         |
| .rt-tr-group[1]/.rt-td[5] | get text()                     | PASS       | 147        |
| .rt-tr-group[2]/.rt-td[0] | get text()                     | PASS       | 148        |
| .rt-tr-group[2]/.rt-td[1] | get text()                     | PASS       | 123        |
| .rt-tr-group[2]/.rt-td[2] | get text()                     | PASS       | 122        |
| .rt-tr-group[2]/.rt-td[3] | get text()                     | PASS       | 132        |
| .rt-tr-group[2]/.rt-td[4] | get text()                     | PASS       | 167        |
| .rt-tr-group[2]/.rt-td[5] | get text()                     | PASS       | 45         |
| .rt-tr-group[2]/.rt-td[5] | get text()                     | PASS       | 46         |
| .rt-tr-group[3]/.rt-td[0] | get text()                     | PASS       | 41         |
| .rt-tr-group[3]/.rt-td[1] | get text()                     | PASS       | 43         |
| .rt-tr-group[3]/.rt-td[2] | get text()                     | PASS       | 46         |
| .rt-tr-group[3]/.rt-td[3] | get text()                     | PASS       | 49         |
| .rt-tr-group[3]/.rt-td[4] | get text()                     | PASS       | 58         |
| .rt-tr-group[3]/.rt-td[5] | get text()                     | PASS       | 55         |
| .rt-tr-group[3]/.rt-td[5] | get text()                     | PASS       | 59         |
| .rt-tr-group[4]/.rt-td[0] | get text()                     | PASS       | 48         |
| .rt-tr-group[4]/.rt-td[1] | get text()                     | PASS       | 50         |
| .rt-tr-group[4]/.rt-td[2] | get text()                     | PASS       | 43         |
| .rt-tr-group[4]/.rt-td[3] | get text()                     | PASS       | 43         |
| .rt-tr-group[4]/.rt-td[4] | get text()                     | PASS       | 59         |
| .rt-tr-group[4]/.rt-td[5] | get text()                     | PASS       | 110        |
| .rt-tr-group[4]/.rt-td[5] | get text()                     | PASS       | 102        |
| .rt-tr-group[5]/.rt-td[0] | get text()                     | PASS       | 95         |
| .rt-tr-group[5]/.rt-td[1] | get text()                     | PASS       | 116        |
| .rt-tr-group[5]/.rt-td[2] | get text()                     | PASS       | 97         |
| .rt-tr-group[5]/.rt-td[3] | get text()                     | PASS       | 66         |
| .rt-tr-group[5]/.rt-td[4] | get text()                     | PASS       | 75         |
| .rt-tr-group[5]/.rt-td[5] | get text()                     | PASS       | 76         |
| .rt-tr-group[5]/.rt-td[5] | get text()                     | PASS       | 65         |
| .rt-tr-group[6]/.rt-td[0] | get text()                     | PASS       | 50         |
| .rt-tr-group[6]/.rt-td[1] | get text()                     | PASS       | 59         |
| .rt-tr-group[6]/.rt-td[2] | get text()                     | PASS       | 71         |
| .rt-tr-group[6]/.rt-td[3] | get text()                     | PASS       | 67         |
| .rt-tr-group[6]/.rt-td[4] | get text()                     | PASS       | 66         |
| .rt-tr-group[6]/.rt-td[5] | get text()                     | PASS       | 58         |
| .rt-tr-group[6]/.rt-td[5] | get text()                     | PASS       | 48         |
| .rt-tr-group[7]/.rt-td[0] | get text()                     | PASS       | 51         |
| .rt-tr-group[7]/.rt-td[1] | get text()                     | PASS       | 47         |
| .rt-tr-group[7]/.rt-td[2] | get text()                     | PASS       | 52         |
| .rt-tr-group[7]/.rt-td[3] | get text()                     | PASS       | 46         |
| .rt-tr-group[7]/.rt-td[4] | get text()                     | PASS       | 49         |
| .rt-tr-group[7]/.rt-td[5] | get text()                     | PASS       | 62         |
| .rt-tr-group[7]/.rt-td[5] | get text()                     | PASS       | 54         |
| .rt-tr-group[8]/.rt-td[0] | get text()                     | PASS       | 47         |
| .rt-tr-group[8]/.rt-td[1] | get text()                     | PASS       | 38         |
| .rt-tr-group[8]/.rt-td[2] | get text()                     | PASS       | 37         |
| .rt-tr-group[8]/.rt-td[3] | get text()                     | PASS       | 47         |
| .rt-tr-group[8]/.rt-td[4] | get text()                     | PASS       | 48         |
| .rt-tr-group[8]/.rt-td[5] | get text()                     | PASS       | 49         |
| .rt-tr-group[8]/.rt-td[5] | get text()                     | PASS       | 45         |
| .rt-tr-group[9]/.rt-td[0] | get text()                     | PASS       | 50         |
| .rt-tr-group[9]/.rt-td[1] | get text()                     | PASS       | 51         |
| .rt-tr-group[9]/.rt-td[2] | get text()                     | PASS       | 45         |
| .rt-tr-group[9]/.rt-td[3] | get text()                     | PASS       | 50         |
| .rt-tr-group[9]/.rt-td[4] | get text()                     | PASS       | 51         |
| .rt-tr-group[9]/.rt-td[5] | get text()                     | PASS       | 47         |
| .rt-tr-group[9]/.rt-td[5] | get text()                     | PASS       | 52         |
+---------------------------+--------------------------------+------------+------------+

]]></system-err>
  </testcase>
</testsuite>